0 info it worked if it ends with ok
1 verbose cli [ '/usr/bin/node', '/usr/bin/npm', 'install', '-g', 'grunt-cli' ]
2 info using npm@1.4.28
3 info using node@v0.10.38
4 verbose node symlink /usr/bin/node
5 verbose cache add [ 'grunt-cli', null ]
6 verbose cache add name=undefined spec="grunt-cli" args=["grunt-cli",null]
7 verbose parsed url { protocol: null,
7 verbose parsed url   slashes: null,
7 verbose parsed url   auth: null,
7 verbose parsed url   host: null,
7 verbose parsed url   port: null,
7 verbose parsed url   hostname: null,
7 verbose parsed url   hash: null,
7 verbose parsed url   search: null,
7 verbose parsed url   query: null,
7 verbose parsed url   pathname: 'grunt-cli',
7 verbose parsed url   path: 'grunt-cli',
7 verbose parsed url   href: 'grunt-cli' }
8 silly lockFile 671ef8ac-grunt-cli grunt-cli
9 verbose lock grunt-cli /home/schuyler/.npm/671ef8ac-grunt-cli.lock
10 silly lockFile 671ef8ac-grunt-cli grunt-cli
11 silly lockFile 671ef8ac-grunt-cli grunt-cli
12 verbose addNamed [ 'grunt-cli', '' ]
13 verbose addNamed [ null, '*' ]
14 silly lockFile d63f3d0b-grunt-cli grunt-cli@
15 verbose lock grunt-cli@ /home/schuyler/.npm/d63f3d0b-grunt-cli.lock
16 silly addNameRange { name: 'grunt-cli', range: '*', hasData: false }
17 verbose request where is /grunt-cli
18 verbose request registry https://registry.npmjs.org/
19 verbose request id ba4f9f6fe7d0ef2e
20 verbose url raw /grunt-cli
21 verbose url resolving [ 'https://registry.npmjs.org/', './grunt-cli' ]
22 verbose url resolved https://registry.npmjs.org/grunt-cli
23 verbose request where is https://registry.npmjs.org/grunt-cli
24 info trying registry request attempt 1 at 23:13:06
25 verbose etag "4TGPH36AIB8X5J1BEE1K0EX7T"
26 http GET https://registry.npmjs.org/grunt-cli
27 http 200 https://registry.npmjs.org/grunt-cli
28 silly registry.get cb [ 200,
28 silly registry.get   { server: 'CouchDB/1.5.0 (Erlang OTP/R16B03)',
28 silly registry.get     etag: '"8I279OYUIPKHA7YHQ7THYDYUW"',
28 silly registry.get     'content-type': 'application/json',
28 silly registry.get     'content-encoding': 'gzip',
28 silly registry.get     'cache-control': 'max-age=300',
28 silly registry.get     'content-length': '5981',
28 silly registry.get     'accept-ranges': 'bytes',
28 silly registry.get     date: 'Thu, 18 Aug 2016 03:13:07 GMT',
28 silly registry.get     via: '1.1 varnish',
28 silly registry.get     age: '60',
28 silly registry.get     connection: 'keep-alive',
28 silly registry.get     'x-served-by': 'cache-ord1741-ORD',
28 silly registry.get     'x-cache': 'HIT',
28 silly registry.get     'x-cache-hits': '2',
28 silly registry.get     'x-timer': 'S1471489987.079759,VS0,VE0',
28 silly registry.get     vary: 'Accept-Encoding' } ]
29 silly addNameRange number 2 { name: 'grunt-cli', range: '*', hasData: true }
30 silly addNameRange versions [ 'grunt-cli',
30 silly addNameRange   [ '0.1.0',
30 silly addNameRange     '0.1.1',
30 silly addNameRange     '0.1.2',
30 silly addNameRange     '0.1.3',
30 silly addNameRange     '0.1.4',
30 silly addNameRange     '0.1.5',
30 silly addNameRange     '0.1.6',
30 silly addNameRange     '0.1.7',
30 silly addNameRange     '0.1.8',
30 silly addNameRange     '0.1.9',
30 silly addNameRange     '0.1.10',
30 silly addNameRange     '0.1.11',
30 silly addNameRange     '0.1.12',
30 silly addNameRange     '0.1.13',
30 silly addNameRange     '1.0.0-rc1',
30 silly addNameRange     '1.0.0',
30 silly addNameRange     '1.0.1',
30 silly addNameRange     '1.1.0',
30 silly addNameRange     '1.2.0' ] ]
31 verbose addNamed [ 'grunt-cli', '1.2.0' ]
32 verbose addNamed [ '1.2.0', '1.2.0' ]
33 silly lockFile 923e46ff-grunt-cli-1-2-0 grunt-cli@1.2.0
34 verbose lock grunt-cli@1.2.0 /home/schuyler/.npm/923e46ff-grunt-cli-1-2-0.lock
35 silly lockFile 26cc79a9-rg-grunt-cli-grunt-cli-1-2-0-tgz https://registry.npmjs.org/grunt-cli/-/grunt-cli-1.2.0.tgz
36 verbose lock https://registry.npmjs.org/grunt-cli/-/grunt-cli-1.2.0.tgz /home/schuyler/.npm/26cc79a9-rg-grunt-cli-grunt-cli-1-2-0-tgz.lock
37 verbose addRemoteTarball [ 'https://registry.npmjs.org/grunt-cli/-/grunt-cli-1.2.0.tgz',
37 verbose addRemoteTarball   '562b119ebb069ddb464ace2845501be97b35b6a8' ]
38 info retry fetch attempt 1 at 23:13:07
39 verbose fetch to= /tmp/npm-20630-fUKk1PuJ/registry.npmjs.org/grunt-cli/-/grunt-cli-1.2.0.tgz
40 http GET https://registry.npmjs.org/grunt-cli/-/grunt-cli-1.2.0.tgz
41 http 200 https://registry.npmjs.org/grunt-cli/-/grunt-cli-1.2.0.tgz
42 silly lockFile 26cc79a9-rg-grunt-cli-grunt-cli-1-2-0-tgz https://registry.npmjs.org/grunt-cli/-/grunt-cli-1.2.0.tgz
43 silly lockFile 26cc79a9-rg-grunt-cli-grunt-cli-1-2-0-tgz https://registry.npmjs.org/grunt-cli/-/grunt-cli-1.2.0.tgz
44 silly lockFile 923e46ff-grunt-cli-1-2-0 grunt-cli@1.2.0
45 silly lockFile 923e46ff-grunt-cli-1-2-0 grunt-cli@1.2.0
46 silly lockFile d63f3d0b-grunt-cli grunt-cli@
47 silly lockFile d63f3d0b-grunt-cli grunt-cli@
48 error Error: EACCES, mkdir '/home/schuyler/.npm/grunt-cli/1.2.0'
48 error  { [Error: EACCES, mkdir '/home/schuyler/.npm/grunt-cli/1.2.0']
48 error   errno: 3,
48 error   code: 'EACCES',
48 error   path: '/home/schuyler/.npm/grunt-cli/1.2.0' }
49 error Please try running this command again as root/Administrator.
50 error System Linux 4.2.0-37-generic
51 error command "/usr/bin/node" "/usr/bin/npm" "install" "-g" "grunt-cli"
52 error cwd /home/schuyler/projects/skybos.com/compiler
53 error node -v v0.10.38
54 error npm -v 1.4.28
55 error path /home/schuyler/.npm/grunt-cli/1.2.0
56 error code EACCES
57 error errno 3
58 error stack Error: EACCES, mkdir '/home/schuyler/.npm/grunt-cli/1.2.0'
59 verbose exit [ 3, true ]
